2024-06-11T14:50:10  chore: tune defaults
2024-06-26T09:07:17  refactor: simplify helper
2024-08-11T16:24:24  chore: routine maintenance
2024-08-27T11:41:31  docs: clarify usage notes
2024-09-18T18:58:38  test: add edge case
2024-10-04T13:15:45  refactor: tidy internals
2024-10-26T08:32:52  fix: handle empty input gracefully
2024-12-12T15:49:59  perf: micro-optimization
2024-12-27T10:06:06  style: formatting
2025-01-19T17:23:13  chore: bump dev tooling
2025-02-03T12:40:20  docs: expand examples
2025-02-26T19:57:27  test: strengthen coverage
2025-04-13T14:14:34  chore: tune defaults
2025-04-29T09:31:41  refactor: simplify helper
2025-05-21T16:48:48  chore: routine maintenance
2025-06-06T11:05:55  docs: clarify usage notes
2025-06-28T18:22:02  test: add edge case
2025-08-13T13:39:09  refactor: tidy internals
2025-08-29T08:56:16  fix: handle empty input gracefully
2025-09-20T15:13:23  perf: micro-optimization
2025-10-06T10:30:30  style: formatting
2025-10-28T17:47:37  chore: bump dev tooling
2025-12-07T12:04:44  docs: expand examples
2025-12-29T19:21:51  test: strengthen coverage
2026-01-21T14:38:58  chore: tune defaults
2026-02-05T09:55:05  refactor: simplify helper
2026-02-28T16:12:12  chore: routine maintenance
2026-04-08T11:29:19  docs: clarify usage notes
2026-05-01T18:46:26  test: add edge case
2026-05-23T13:03:33  refactor: tidy internals
